This is pdfTeX, Version 3.14159265-2.6-1.40.20 (TeX Live 2019/Arch Linux) (preloaded format=pdflatex 2020.6.16)  16 JUN 2020 17:33
entering extended mode
 restricted \write18 enabled.
 file:line:error style messages enabled.
 %&-line parsing enabled.
**/home/arch/.dotfiles/bin/pandoc/default-md.tex
(/home/arch/.dotfiles/bin/pandoc/default-md.tex
LaTeX2e <2019-10-01> patch level 1

! LaTeX Error: File `$documentclass$.cls' not found.

Type X to quit or <RETURN> to proceed,
or enter new name. (Default extension: cls)

Enter file name: 
/home/arch/.dotfiles/bin/pandoc/default-md.tex:3: Emergency stop.
<read *> 
         
l.3 ^^M
       
*** (cannot \read from terminal in nonstop modes)

 
Here is how much of TeX's memory you used:
 12 strings out of 492167
 384 string characters out of 6131558
 60863 words of memory out of 5000000
 4472 multiletter control sequences out of 15000+600000
 3640 words of font info for 14 fonts, out of 8000000 for 9000
 1141 hyphenation exceptions out of 8191
 11i,0n,8p,215b,10s stack positions out of 5000i,500n,10000p,200000b,80000s
/home/arch/.dotfiles/bin/pandoc/default-md.tex:3:  ==> Fatal error occurred, no output PDF file produced!
